

 ---------------------------------------------------------------------------------------------------
OpenURL(https://www.google.co.in/)
 ---------------------------------------------------------------------------------------------------


 ---------------------------------------------------------------------------------------------------
Click(Google.Search_SignIn)
 ---------------------------------------------------------------------------------------------------


 ---------------------------------------------------------------------------------------------------
EnterText(Google.Google_SignIn_Email_TextBox, juhi.rana2007)
 ---------------------------------------------------------------------------------------------------


 ---------------------------------------------------------------------------------------------------
Click(Google.Google_SignIn_Next_Button)
 ---------------------------------------------------------------------------------------------------


 ---------------------------------------------------------------------------------------------------
EnterText(Google.Google_SignIn_Password_TextBox, new@0987)

 ---------------------------------------------------------------------------------------------------
TestPoint (Element is not visible
Build info: version: 'unknown', revision: '350cf60', time: '2016-10-13 10:43:56 -0700'
System info: host: 'juhi', ip: '192.168.1.22', os.name: 'Windows 10', os.arch: 'x86', os.version: '10.0', java.version: '1.8.0_77'
Driver info: org.openqa.selenium.firefox.FirefoxDriver
Capabilities [{moz:profile=C:\Users\juhirana\AppData\Local\Temp\rust_mozprofile.VNSnuOPYUnTM, rotatable=false, timeouts={implicit=0, page load=300000, script=30000}, pageLoadStrategy=normal, platform=ANY, specificationLevel=0, moz:accessibilityChecks=false, acceptInsecureCerts=false, browserVersion=52.0.2, platformVersion=10.0, moz:processID=15824, browserName=firefox, platformName=windows_nt}]
Session ID: 454d0325-c33c-40aa-8ebd-8de6f75477f9, True, False)

 Test Point: Fail

Desc: Element is not visible
Build info: version: 'unknown', revision: '350cf60', time: '2016-10-13 10:43:56 -0700'
System info: host: 'juhi', ip: '192.168.1.22', os.name: 'Windows 10', os.arch: 'x86', os.version: '10.0', java.version: '1.8.0_77'
Driver info: org.openqa.selenium.firefox.FirefoxDriver
Capabilities [{moz:profile=C:\Users\juhirana\AppData\Local\Temp\rust_mozprofile.VNSnuOPYUnTM, rotatable=false, timeouts={implicit=0, page load=300000, script=30000}, pageLoadStrategy=normal, platform=ANY, specificationLevel=0, moz:accessibilityChecks=false, acceptInsecureCerts=false, browserVersion=52.0.2, platformVersion=10.0, moz:processID=15824, browserName=firefox, platformName=windows_nt}]
Session ID: 454d0325-c33c-40aa-8ebd-8de6f75477f9 - Expected - [True] & Actual - [False]

 ---------------------------------------------------------------------------------------------------


Done with TCGoogle-Iteration1-Firefox