

 ---------------------------------------------------------------------------------------------------
OpenURL(https://www.google.co.in/)
 ---------------------------------------------------------------------------------------------------


 ---------------------------------------------------------------------------------------------------
Click(Google.Search_SignIn)
 ---------------------------------------------------------------------------------------------------


 ---------------------------------------------------------------------------------------------------
EnterText(Google.Google_SignIn_Email_TextBox, juhi.rana2007)
 ---------------------------------------------------------------------------------------------------


 ---------------------------------------------------------------------------------------------------
Click(Google.Google_SignIn_Next_Button)
 ---------------------------------------------------------------------------------------------------


 ---------------------------------------------------------------------------------------------------
EnterText(Google.Google_SignIn_Password_TextBox, new@0987)

 ---------------------------------------------------------------------------------------------------
TestPoint (Object Not Found :Google.Google_SignIn_Password_TextBox, True, False)

 Test Point: Fail

Desc: Object Not Found :Google.Google_SignIn_Password_TextBox - Expected - [True] & Actual - [False]

 ---------------------------------------------------------------------------------------------------


Done with TCGoogle-Iteration1-Firefox