

 ---------------------------------------------------------------------------------------------------
OpenURL(http://127.0.0.1:8091/)
 ---------------------------------------------------------------------------------------------------

highLightElement: 
Element Higlighted
highLightElement: (IDIRS_ObjectMap.AppDiv)
Element Higlighted

 ---------------------------------------------------------------------------------------------------
Clicka(IDIRS_ObjectMap.AppDiv)
 ---------------------------------------------------------------------------------------------------


 ---------------------------------------------------------------------------------------------------
Click(IDIRS_ObjectMap.AppDiv)
 ---------------------------------------------------------------------------------------------------


 ---------------------------------------------------------------------------------------------------
Clicka(IDIRS_ObjectMap.Two)
 ---------------------------------------------------------------------------------------------------


 ---------------------------------------------------------------------------------------------------
Clicka(IDIRS_ObjectMap.Two)
 ---------------------------------------------------------------------------------------------------


 ---------------------------------------------------------------------------------------------------
Clicka(IDIRS_ObjectMap.Two)
 ---------------------------------------------------------------------------------------------------


 ---------------------------------------------------------------------------------------------------
Clicka(IDIRS_ObjectMap.Two)
 ---------------------------------------------------------------------------------------------------


 ---------------------------------------------------------------------------------------------------
Clicka(IDIRS_ObjectMap.Two)
 ---------------------------------------------------------------------------------------------------


 ---------------------------------------------------------------------------------------------------
Clicka(IDIRS_ObjectMap.Four)
 ---------------------------------------------------------------------------------------------------



Done with IDIRS-Iteration1-Firefox