

 ---------------------------------------------------------------------------------------------------
OpenURL(http://127.0.0.1:8091/)
 ---------------------------------------------------------------------------------------------------

highLightElement: 
Element Higlighted

 ---------------------------------------------------------------------------------------------------
Click(IDIRS_ObjectMap.Driver)
 ---------------------------------------------------------------------------------------------------


 ---------------------------------------------------------------------------------------------------
Click(IDIRS_ObjectMap.Two)
 ---------------------------------------------------------------------------------------------------


 ---------------------------------------------------------------------------------------------------
Click(IDIRS_ObjectMap.Two)
 ---------------------------------------------------------------------------------------------------


 ---------------------------------------------------------------------------------------------------
Click(IDIRS_ObjectMap.Two)
 ---------------------------------------------------------------------------------------------------


 ---------------------------------------------------------------------------------------------------
Click(IDIRS_ObjectMap.Two)
 ---------------------------------------------------------------------------------------------------


 ---------------------------------------------------------------------------------------------------
Click(IDIRS_ObjectMap.Two)
 ---------------------------------------------------------------------------------------------------


 ---------------------------------------------------------------------------------------------------
Click(IDIRS_ObjectMap.Four)
 ---------------------------------------------------------------------------------------------------



Done with IDIRS-Iteration1-Firefox