

 ---------------------------------------------------------------------------------------------------
OpenURL(http://127.0.0.1:8091/)
 ---------------------------------------------------------------------------------------------------

highLightElement: 
Element Higlighted

 ---------------------------------------------------------------------------------------------------
Wait(5)
 ---------------------------------------------------------------------------------------------------


 ---------------------------------------------------------------------------------------------------
Click(IDIRS_ObjectMap.Driver)
 ---------------------------------------------------------------------------------------------------


 ---------------------------------------------------------------------------------------------------
Click(IDIRS_ObjectMap.Two)
 ---------------------------------------------------------------------------------------------------


 ---------------------------------------------------------------------------------------------------
Click(IDIRS_ObjectMap.Two)
 ---------------------------------------------------------------------------------------------------


 ---------------------------------------------------------------------------------------------------
Click(IDIRS_ObjectMap.Two)
 ---------------------------------------------------------------------------------------------------


 ---------------------------------------------------------------------------------------------------
Click(IDIRS_ObjectMap.Two)
 ---------------------------------------------------------------------------------------------------


 ---------------------------------------------------------------------------------------------------
Click(IDIRS_ObjectMap.Two)
 ---------------------------------------------------------------------------------------------------


 ---------------------------------------------------------------------------------------------------
Click(IDIRS_ObjectMap.Four)
 ---------------------------------------------------------------------------------------------------


 ---------------------------------------------------------------------------------------------------
Click(IDIRS_ObjectMap.Enter)
 ---------------------------------------------------------------------------------------------------


 ---------------------------------------------------------------------------------------------------
Click(IDIRS_ObjectMap.Block)
 ---------------------------------------------------------------------------------------------------


 ---------------------------------------------------------------------------------------------------
Wait(3)
 ---------------------------------------------------------------------------------------------------

highLightElement: (IDIRS_ObjectMap.BlockDiv)
Element Higlighted

 ---------------------------------------------------------------------------------------------------
Click(IDIRS_ObjectMap.One)

 ---------------------------------------------------------------------------------------------------
Click(IDIRS_ObjectMap.One)