

 ---------------------------------------------------------------------------------------------------
OpenURL(http://127.0.0.1:8091/)
 ---------------------------------------------------------------------------------------------------


 ---------------------------------------------------------------------------------------------------
Click(IDIRS_ObjectMap.Driver)

 ---------------------------------------------------------------------------------------------------
TestPoint (Element is not visible
Build info: version: 'unknown', revision: '350cf60', time: '2016-10-13 10:43:56 -0700'
System info: host: 'juhi', ip: '192.168.1.11', os.name: 'Windows 10', os.arch: 'x86', os.version: '10.0', java.version: '1.8.0_77'
Driver info: org.openqa.selenium.firefox.FirefoxDriver
Capabilities [{rotatable=false, raisesAccessibilityExceptions=false, marionette=true, firefoxOptions={args=[], prefs={}}, appBuildId=20160823121617, version=, platform=XP, proxy={}, command_id=1, specificationLevel=0, acceptSslCerts=false, browserVersion=48.0.2, platformVersion=10.0, XULappId={ec8030f7-c20a-464f-9b0e-13a3a9e97384}, browserName=Firefox, takesScreenshot=true, takesElementScreenshot=true, platformName=Windows_NT, device=desktop}]
Session ID: b872f4d4-1748-4fd5-96e7-3917c3e3c472, True, False)

 Test Point: Fail

Desc: Element is not visible
Build info: version: 'unknown', revision: '350cf60', time: '2016-10-13 10:43:56 -0700'
System info: host: 'juhi', ip: '192.168.1.11', os.name: 'Windows 10', os.arch: 'x86', os.version: '10.0', java.version: '1.8.0_77'
Driver info: org.openqa.selenium.firefox.FirefoxDriver
Capabilities [{rotatable=false, raisesAccessibilityExceptions=false, marionette=true, firefoxOptions={args=[], prefs={}}, appBuildId=20160823121617, version=, platform=XP, proxy={}, command_id=1, specificationLevel=0, acceptSslCerts=false, browserVersion=48.0.2, platformVersion=10.0, XULappId={ec8030f7-c20a-464f-9b0e-13a3a9e97384}, browserName=Firefox, takesScreenshot=true, takesElementScreenshot=true, platformName=Windows_NT, device=desktop}]
Session ID: b872f4d4-1748-4fd5-96e7-3917c3e3c472 - Expected - [True] & Actual - [False]

 ---------------------------------------------------------------------------------------------------


Done with IDIRS-Iteration1-Firefox